<?xml version="1.0" encoding="UTF-8"?>
<testsuite xmlns:xsi="http://www.w3.org/2001/XMLSchema-instance" xsi:noNamespaceSchemaLocation="https://maven.apache.org/surefire/maven-surefire-plugin/xsd/surefire-test-report.xsd" name="com.example.demo.DemoApplicationTests" time="6.782" tests="1" errors="0" skipped="0" failures="0">
  <properties>
    <property name="gopherProxySet" value="false"/>
    <property name="awt.toolkit" value="sun.lwawt.macosx.LWCToolkit"/>
    <property name="java.specification.version" value="11"/>
    <property name="sun.cpu.isalist" value=""/>
    <property name="sun.jnu.encoding" value="UTF-8"/>
    <property name="java.class.path" value="/Users/jamesro/Documents/SRC/springkeyvaultexample/target/test-classes:/Users/jamesro/Documents/SRC/springkeyvaultexample/target/classes:/Users/jamesro/.m2/repository/org/springframework/boot/spring-boot-starter-web/2.3.1.RELEASE/spring-boot-starter-web-2.3.1.RELEASE.jar:/Users/jamesro/.m2/repository/org/springframework/boot/spring-boot-starter/2.3.1.RELEASE/spring-boot-starter-2.3.1.RELEASE.jar:/Users/jamesro/.m2/repository/org/springframework/boot/spring-boot/2.3.1.RELEASE/spring-boot-2.3.1.RELEASE.jar:/Users/jamesro/.m2/repository/org/springframework/boot/spring-boot-autoconfigure/2.3.1.RELEASE/spring-boot-autoconfigure-2.3.1.RELEASE.jar:/Users/jamesro/.m2/repository/org/springframework/boot/spring-boot-starter-logging/2.3.1.RELEASE/spring-boot-starter-logging-2.3.1.RELEASE.jar:/Users/jamesro/.m2/repository/ch/qos/logback/logback-classic/1.2.3/logback-classic-1.2.3.jar:/Users/jamesro/.m2/repository/ch/qos/logback/logback-core/1.2.3/logback-core-1.2.3.jar:/Users/jamesro/.m2/repository/org/apache/logging/log4j/log4j-to-slf4j/2.13.3/log4j-to-slf4j-2.13.3.jar:/Users/jamesro/.m2/repository/org/apache/logging/log4j/log4j-api/2.13.3/log4j-api-2.13.3.jar:/Users/jamesro/.m2/repository/org/slf4j/jul-to-slf4j/1.7.30/jul-to-slf4j-1.7.30.jar:/Users/jamesro/.m2/repository/jakarta/annotation/jakarta.annotation-api/1.3.5/jakarta.annotation-api-1.3.5.jar:/Users/jamesro/.m2/repository/org/yaml/snakeyaml/1.26/snakeyaml-1.26.jar:/Users/jamesro/.m2/repository/org/springframework/boot/spring-boot-starter-json/2.3.1.RELEASE/spring-boot-starter-json-2.3.1.RELEASE.jar:/Users/jamesro/.m2/repository/com/fasterxml/jackson/core/jackson-databind/2.11.0/jackson-databind-2.11.0.jar:/Users/jamesro/.m2/repository/com/fasterxml/jackson/core/jackson-annotations/2.11.0/jackson-annotations-2.11.0.jar:/Users/jamesro/.m2/repository/com/fasterxml/jackson/core/jackson-core/2.11.0/jackson-core-2.11.0.jar:/Users/jamesro/.m2/repository/com/fasterxml/jackson/datatype/jackson-datatype-jdk8/2.11.0/jackson-datatype-jdk8-2.11.0.jar:/Users/jamesro/.m2/repository/com/fasterxml/jackson/datatype/jackson-datatype-jsr310/2.11.0/jackson-datatype-jsr310-2.11.0.jar:/Users/jamesro/.m2/repository/com/fasterxml/jackson/module/jackson-module-parameter-names/2.11.0/jackson-module-parameter-names-2.11.0.jar:/Users/jamesro/.m2/repository/org/springframework/boot/spring-boot-starter-tomcat/2.3.1.RELEASE/spring-boot-starter-tomcat-2.3.1.RELEASE.jar:/Users/jamesro/.m2/repository/org/apache/tomcat/embed/tomcat-embed-core/9.0.36/tomcat-embed-core-9.0.36.jar:/Users/jamesro/.m2/repository/org/glassfish/jakarta.el/3.0.3/jakarta.el-3.0.3.jar:/Users/jamesro/.m2/repository/org/apache/tomcat/embed/tomcat-embed-websocket/9.0.36/tomcat-embed-websocket-9.0.36.jar:/Users/jamesro/.m2/repository/org/springframework/spring-web/5.2.7.RELEASE/spring-web-5.2.7.RELEASE.jar:/Users/jamesro/.m2/repository/org/springframework/spring-beans/5.2.7.RELEASE/spring-beans-5.2.7.RELEASE.jar:/Users/jamesro/.m2/repository/org/springframework/spring-webmvc/5.2.7.RELEASE/spring-webmvc-5.2.7.RELEASE.jar:/Users/jamesro/.m2/repository/org/springframework/spring-aop/5.2.7.RELEASE/spring-aop-5.2.7.RELEASE.jar:/Users/jamesro/.m2/repository/org/springframework/spring-context/5.2.7.RELEASE/spring-context-5.2.7.RELEASE.jar:/Users/jamesro/.m2/repository/org/springframework/spring-expression/5.2.7.RELEASE/spring-expression-5.2.7.RELEASE.jar:/Users/jamesro/.m2/repository/com/microsoft/azure/azure-keyvault-secrets-spring-boot-starter/2.3.5/azure-keyvault-secrets-spring-boot-starter-2.3.5.jar:/Users/jamesro/.m2/repository/org/springframework/boot/spring-boot-starter-validation/2.3.1.RELEASE/spring-boot-starter-validation-2.3.1.RELEASE.jar:/Users/jamesro/.m2/repository/org/hibernate/validator/hibernate-validator/6.1.5.Final/hibernate-validator-6.1.5.Final.jar:/Users/jamesro/.m2/repository/jakarta/validation/jakarta.validation-api/2.0.2/jakarta.validation-api-2.0.2.jar:/Users/jamesro/.m2/repository/org/jboss/logging/jboss-logging/3.4.1.Final/jboss-logging-3.4.1.Final.jar:/Users/jamesro/.m2/repository/com/fasterxml/classmate/1.5.1/classmate-1.5.1.jar:/Users/jamesro/.m2/repository/com/microsoft/azure/azure-spring-boot/2.3.5/azure-spring-boot-2.3.5.jar:/Users/jamesro/.m2/repository/org/slf4j/slf4j-api/1.7.30/slf4j-api-1.7.30.jar:/Users/jamesro/.m2/repository/javax/validation/validation-api/2.0.1.Final/validation-api-2.0.1.Final.jar:/Users/jamesro/.m2/repository/javax/annotation/javax.annotation-api/1.3.2/javax.annotation-api-1.3.2.jar:/Users/jamesro/.m2/repository/com/azure/azure-identity/1.1.2/azure-identity-1.1.2.jar:/Users/jamesro/.m2/repository/com/microsoft/azure/msal4j/1.6.2/msal4j-1.6.2.jar:/Users/jamesro/.m2/repository/com/microsoft/azure/msal4j-persistence-extension/1.0.0/msal4j-persistence-extension-1.0.0.jar:/Users/jamesro/.m2/repository/net/java/dev/jna/jna/5.5.0/jna-5.5.0.jar:/Users/jamesro/.m2/repository/com/nimbusds/oauth2-oidc-sdk/7.1.1/oauth2-oidc-sdk-7.1.1.jar:/Users/jamesro/.m2/repository/com/github/stephenc/jcip/jcip-annotations/1.0-1/jcip-annotations-1.0-1.jar:/Users/jamesro/.m2/repository/com/nimbusds/content-type/2.0/content-type-2.0.jar:/Users/jamesro/.m2/repository/com/nimbusds/lang-tag/1.4.4/lang-tag-1.4.4.jar:/Users/jamesro/.m2/repository/com/nimbusds/nimbus-jose-jwt/8.8/nimbus-jose-jwt-8.8.jar:/Users/jamesro/.m2/repository/com/sun/mail/javax.mail/1.6.1/javax.mail-1.6.1.jar:/Users/jamesro/.m2/repository/javax/activation/activation/1.1/activation-1.1.jar:/Users/jamesro/.m2/repository/org/nanohttpd/nanohttpd/2.3.1/nanohttpd-2.3.1.jar:/Users/jamesro/.m2/repository/net/java/dev/jna/jna-platform/5.4.0/jna-platform-5.4.0.jar:/Users/jamesro/.m2/repository/org/linguafranca/pwdb/KeePassJava2/2.1.4/KeePassJava2-2.1.4.jar:/Users/jamesro/.m2/repository/org/linguafranca/pwdb/KeePassJava2-kdb/2.1.4/KeePassJava2-kdb-2.1.4.jar:/Users/jamesro/.m2/repository/org/linguafranca/pwdb/database/2.1.4/database-2.1.4.jar:/Users/jamesro/.m2/repository/com/google/guava/guava/19.0/guava-19.0.jar:/Users/jamesro/.m2/repository/com/madgag/spongycastle/core/1.54.0.0/core-1.54.0.0.jar:/Users/jamesro/.m2/repository/org/jetbrains/annotations/15.0/annotations-15.0.jar:/Users/jamesro/.m2/repository/org/linguafranca/pwdb/KeePassJava2-dom/2.1.4/KeePassJava2-dom-2.1.4.jar:/Users/jamesro/.m2/repository/org/linguafranca/pwdb/KeePassJava2-kdbx/2.1.4/KeePassJava2-kdbx-2.1.4.jar:/Users/jamesro/.m2/repository/commons-codec/commons-codec/1.14/commons-codec-1.14.jar:/Users/jamesro/.m2/repository/org/linguafranca/pwdb/KeePassJava2-jaxb/2.1.4/KeePassJava2-jaxb-2.1.4.jar:/Users/jamesro/.m2/repository/org/linguafranca/pwdb/KeePassJava2-simple/2.1.4/KeePassJava2-simple-2.1.4.jar:/Users/jamesro/.m2/repository/org/simpleframework/simple-xml/2.7.1/simple-xml-2.7.1.jar:/Users/jamesro/.m2/repository/stax/stax-api/1.0.1/stax-api-1.0.1.jar:/Users/jamesro/.m2/repository/stax/stax/1.2.0/stax-1.2.0.jar:/Users/jamesro/.m2/repository/xpp3/xpp3/1.1.3.3/xpp3-1.1.3.3.jar:/Users/jamesro/.m2/repository/org/apache/httpcomponents/httpcore/4.4.13/httpcore-4.4.13.jar:/Users/jamesro/.m2/repository/com/fasterxml/aalto-xml/1.0.0/aalto-xml-1.0.0.jar:/Users/jamesro/.m2/repository/net/minidev/json-smart/2.3/json-smart-2.3.jar:/Users/jamesro/.m2/repository/net/minidev/accessors-smart/1.2/accessors-smart-1.2.jar:/Users/jamesro/.m2/repository/org/ow2/asm/asm/5.0.4/asm-5.0.4.jar:/Users/jamesro/.m2/repository/com/azure/azure-security-keyvault-secrets/4.2.1/azure-security-keyvault-secrets-4.2.1.jar:/Users/jamesro/.m2/repository/com/azure/azure-core/1.8.1/azure-core-1.8.1.jar:/Users/jamesro/.m2/repository/com/fasterxml/jackson/dataformat/jackson-dataformat-xml/2.11.0/jackson-dataformat-xml-2.11.0.jar:/Users/jamesro/.m2/repository/com/fasterxml/jackson/module/jackson-module-jaxb-annotations/2.11.0/jackson-module-jaxb-annotations-2.11.0.jar:/Users/jamesro/.m2/repository/org/codehaus/woodstox/stax2-api/4.2/stax2-api-4.2.jar:/Users/jamesro/.m2/repository/com/fasterxml/woodstox/woodstox-core/6.2.0/woodstox-core-6.2.0.jar:/Users/jamesro/.m2/repository/io/projectreactor/reactor-core/3.3.6.RELEASE/reactor-core-3.3.6.RELEASE.jar:/Users/jamesro/.m2/repository/org/reactivestreams/reactive-streams/1.0.3/reactive-streams-1.0.3.jar:/Users/jamesro/.m2/repository/io/netty/netty-tcnative-boringssl-static/2.0.31.Final/netty-tcnative-boringssl-static-2.0.31.Final.jar:/Users/jamesro/.m2/repository/com/azure/azure-core-http-netty/1.6.1/azure-core-http-netty-1.6.1.jar:/Users/jamesro/.m2/repository/io/netty/netty-handler/4.1.50.Final/netty-handler-4.1.50.Final.jar:/Users/jamesro/.m2/repository/io/netty/netty-common/4.1.50.Final/netty-common-4.1.50.Final.jar:/Users/jamesro/.m2/repository/io/netty/netty-resolver/4.1.50.Final/netty-resolver-4.1.50.Final.jar:/Users/jamesro/.m2/repository/io/netty/netty-transport/4.1.50.Final/netty-transport-4.1.50.Final.jar:/Users/jamesro/.m2/repository/io/netty/netty-codec/4.1.50.Final/netty-codec-4.1.50.Final.jar:/Users/jamesro/.m2/repository/io/netty/netty-handler-proxy/4.1.50.Final/netty-handler-proxy-4.1.50.Final.jar:/Users/jamesro/.m2/repository/io/netty/netty-codec-socks/4.1.50.Final/netty-codec-socks-4.1.50.Final.jar:/Users/jamesro/.m2/repository/io/netty/netty-buffer/4.1.50.Final/netty-buffer-4.1.50.Final.jar:/Users/jamesro/.m2/repository/io/netty/netty-codec-http/4.1.50.Final/netty-codec-http-4.1.50.Final.jar:/Users/jamesro/.m2/repository/io/netty/netty-codec-http2/4.1.50.Final/netty-codec-http2-4.1.50.Final.jar:/Users/jamesro/.m2/repository/io/netty/netty-transport-native-unix-common/4.1.50.Final/netty-transport-native-unix-common-4.1.50.Final.jar:/Users/jamesro/.m2/repository/io/netty/netty-transport-native-epoll/4.1.50.Final/netty-transport-native-epoll-4.1.50.Final-linux-x86_64.jar:/Users/jamesro/.m2/repository/io/netty/netty-transport-native-kqueue/4.1.50.Final/netty-transport-native-kqueue-4.1.50.Final-osx-x86_64.jar:/Users/jamesro/.m2/repository/io/projectreactor/netty/reactor-netty/0.9.8.RELEASE/reactor-netty-0.9.8.RELEASE.jar:/Users/jamesro/.m2/repository/org/springframework/boot/spring-boot-starter-test/2.3.1.RELEASE/spring-boot-starter-test-2.3.1.RELEASE.jar:/Users/jamesro/.m2/repository/org/springframework/boot/spring-boot-test/2.3.1.RELEASE/spring-boot-test-2.3.1.RELEASE.jar:/Users/jamesro/.m2/repository/org/springframework/boot/spring-boot-test-autoconfigure/2.3.1.RELEASE/spring-boot-test-autoconfigure-2.3.1.RELEASE.jar:/Users/jamesro/.m2/repository/com/jayway/jsonpath/json-path/2.4.0/json-path-2.4.0.jar:/Users/jamesro/.m2/repository/jakarta/xml/bind/jakarta.xml.bind-api/2.3.3/jakarta.xml.bind-api-2.3.3.jar:/Users/jamesro/.m2/repository/jakarta/activation/jakarta.activation-api/1.2.2/jakarta.activation-api-1.2.2.jar:/Users/jamesro/.m2/repository/org/assertj/assertj-core/3.16.1/assertj-core-3.16.1.jar:/Users/jamesro/.m2/repository/org/hamcrest/hamcrest/2.2/hamcrest-2.2.jar:/Users/jamesro/.m2/repository/org/junit/jupiter/junit-jupiter/5.6.2/junit-jupiter-5.6.2.jar:/Users/jamesro/.m2/repository/org/junit/jupiter/junit-jupiter-api/5.6.2/junit-jupiter-api-5.6.2.jar:/Users/jamesro/.m2/repository/org/apiguardian/apiguardian-api/1.1.0/apiguardian-api-1.1.0.jar:/Users/jamesro/.m2/repository/org/opentest4j/opentest4j/1.2.0/opentest4j-1.2.0.jar:/Users/jamesro/.m2/repository/org/junit/platform/junit-platform-commons/1.6.2/junit-platform-commons-1.6.2.jar:/Users/jamesro/.m2/repository/org/junit/jupiter/junit-jupiter-params/5.6.2/junit-jupiter-params-5.6.2.jar:/Users/jamesro/.m2/repository/org/junit/jupiter/junit-jupiter-engine/5.6.2/junit-jupiter-engine-5.6.2.jar:/Users/jamesro/.m2/repository/org/junit/platform/junit-platform-engine/1.6.2/junit-platform-engine-1.6.2.jar:/Users/jamesro/.m2/repository/org/mockito/mockito-core/3.3.3/mockito-core-3.3.3.jar:/Users/jamesro/.m2/repository/net/bytebuddy/byte-buddy/1.10.11/byte-buddy-1.10.11.jar:/Users/jamesro/.m2/repository/net/bytebuddy/byte-buddy-agent/1.10.11/byte-buddy-agent-1.10.11.jar:/Users/jamesro/.m2/repository/org/objenesis/objenesis/2.6/objenesis-2.6.jar:/Users/jamesro/.m2/repository/org/mockito/mockito-junit-jupiter/3.3.3/mockito-junit-jupiter-3.3.3.jar:/Users/jamesro/.m2/repository/org/skyscreamer/jsonassert/1.5.0/jsonassert-1.5.0.jar:/Users/jamesro/.m2/repository/com/vaadin/external/google/android-json/0.0.20131108.vaadin1/android-json-0.0.20131108.vaadin1.jar:/Users/jamesro/.m2/repository/org/springframework/spring-core/5.2.7.RELEASE/spring-core-5.2.7.RELEASE.jar:/Users/jamesro/.m2/repository/org/springframework/spring-jcl/5.2.7.RELEASE/spring-jcl-5.2.7.RELEASE.jar:/Users/jamesro/.m2/repository/org/springframework/spring-test/5.2.7.RELEASE/spring-test-5.2.7.RELEASE.jar:/Users/jamesro/.m2/repository/org/xmlunit/xmlunit-core/2.7.0/xmlunit-core-2.7.0.jar:"/>
    <property name="java.vm.vendor" value="AdoptOpenJDK"/>
    <property name="sun.arch.data.model" value="64"/>
    <property name="java.vendor.url" value="https://adoptopenjdk.net/"/>
    <property name="user.timezone" value=""/>
    <property name="java.vm.specification.version" value="11"/>
    <property name="os.name" value="Mac OS X"/>
    <property name="sun.java.launcher" value="SUN_STANDARD"/>
    <property name="user.country" value="US"/>
    <property name="sun.boot.library.path" value="/Library/Java/JavaVirtualMachines/adoptopenjdk-11.jdk/Contents/Home/lib"/>
    <property name="sun.java.command" value="/Users/jamesro/Documents/SRC/springkeyvaultexample/target/surefire/surefirebooter8566493448294211680.jar /Users/jamesro/Documents/SRC/springkeyvaultexample/target/surefire 2020-10-28T14-25-30_848-jvmRun1 surefire3049822073955414692tmp surefire_04106700172939681578tmp"/>
    <property name="jdk.debug" value="release"/>
    <property name="surefire.test.class.path" value="/Users/jamesro/Documents/SRC/springkeyvaultexample/target/test-classes:/Users/jamesro/Documents/SRC/springkeyvaultexample/target/classes:/Users/jamesro/.m2/repository/org/springframework/boot/spring-boot-starter-web/2.3.1.RELEASE/spring-boot-starter-web-2.3.1.RELEASE.jar:/Users/jamesro/.m2/repository/org/springframework/boot/spring-boot-starter/2.3.1.RELEASE/spring-boot-starter-2.3.1.RELEASE.jar:/Users/jamesro/.m2/repository/org/springframework/boot/spring-boot/2.3.1.RELEASE/spring-boot-2.3.1.RELEASE.jar:/Users/jamesro/.m2/repository/org/springframework/boot/spring-boot-autoconfigure/2.3.1.RELEASE/spring-boot-autoconfigure-2.3.1.RELEASE.jar:/Users/jamesro/.m2/repository/org/springframework/boot/spring-boot-starter-logging/2.3.1.RELEASE/spring-boot-starter-logging-2.3.1.RELEASE.jar:/Users/jamesro/.m2/repository/ch/qos/logback/logback-classic/1.2.3/logback-classic-1.2.3.jar:/Users/jamesro/.m2/repository/ch/qos/logback/logback-core/1.2.3/logback-core-1.2.3.jar:/Users/jamesro/.m2/repository/org/apache/logging/log4j/log4j-to-slf4j/2.13.3/log4j-to-slf4j-2.13.3.jar:/Users/jamesro/.m2/repository/org/apache/logging/log4j/log4j-api/2.13.3/log4j-api-2.13.3.jar:/Users/jamesro/.m2/repository/org/slf4j/jul-to-slf4j/1.7.30/jul-to-slf4j-1.7.30.jar:/Users/jamesro/.m2/repository/jakarta/annotation/jakarta.annotation-api/1.3.5/jakarta.annotation-api-1.3.5.jar:/Users/jamesro/.m2/repository/org/yaml/snakeyaml/1.26/snakeyaml-1.26.jar:/Users/jamesro/.m2/repository/org/springframework/boot/spring-boot-starter-json/2.3.1.RELEASE/spring-boot-starter-json-2.3.1.RELEASE.jar:/Users/jamesro/.m2/repository/com/fasterxml/jackson/core/jackson-databind/2.11.0/jackson-databind-2.11.0.jar:/Users/jamesro/.m2/repository/com/fasterxml/jackson/core/jackson-annotations/2.11.0/jackson-annotations-2.11.0.jar:/Users/jamesro/.m2/repository/com/fasterxml/jackson/core/jackson-core/2.11.0/jackson-core-2.11.0.jar:/Users/jamesro/.m2/repository/com/fasterxml/jackson/datatype/jackson-datatype-jdk8/2.11.0/jackson-datatype-jdk8-2.11.0.jar:/Users/jamesro/.m2/repository/com/fasterxml/jackson/datatype/jackson-datatype-jsr310/2.11.0/jackson-datatype-jsr310-2.11.0.jar:/Users/jamesro/.m2/repository/com/fasterxml/jackson/module/jackson-module-parameter-names/2.11.0/jackson-module-parameter-names-2.11.0.jar:/Users/jamesro/.m2/repository/org/springframework/boot/spring-boot-starter-tomcat/2.3.1.RELEASE/spring-boot-starter-tomcat-2.3.1.RELEASE.jar:/Users/jamesro/.m2/repository/org/apache/tomcat/embed/tomcat-embed-core/9.0.36/tomcat-embed-core-9.0.36.jar:/Users/jamesro/.m2/repository/org/glassfish/jakarta.el/3.0.3/jakarta.el-3.0.3.jar:/Users/jamesro/.m2/repository/org/apache/tomcat/embed/tomcat-embed-websocket/9.0.36/tomcat-embed-websocket-9.0.36.jar:/Users/jamesro/.m2/repository/org/springframework/spring-web/5.2.7.RELEASE/spring-web-5.2.7.RELEASE.jar:/Users/jamesro/.m2/repository/org/springframework/spring-beans/5.2.7.RELEASE/spring-beans-5.2.7.RELEASE.jar:/Users/jamesro/.m2/repository/org/springframework/spring-webmvc/5.2.7.RELEASE/spring-webmvc-5.2.7.RELEASE.jar:/Users/jamesro/.m2/repository/org/springframework/spring-aop/5.2.7.RELEASE/spring-aop-5.2.7.RELEASE.jar:/Users/jamesro/.m2/repository/org/springframework/spring-context/5.2.7.RELEASE/spring-context-5.2.7.RELEASE.jar:/Users/jamesro/.m2/repository/org/springframework/spring-expression/5.2.7.RELEASE/spring-expression-5.2.7.RELEASE.jar:/Users/jamesro/.m2/repository/com/microsoft/azure/azure-keyvault-secrets-spring-boot-starter/2.3.5/azure-keyvault-secrets-spring-boot-starter-2.3.5.jar:/Users/jamesro/.m2/repository/org/springframework/boot/spring-boot-starter-validation/2.3.1.RELEASE/spring-boot-starter-validation-2.3.1.RELEASE.jar:/Users/jamesro/.m2/repository/org/hibernate/validator/hibernate-validator/6.1.5.Final/hibernate-validator-6.1.5.Final.jar:/Users/jamesro/.m2/repository/jakarta/validation/jakarta.validation-api/2.0.2/jakarta.validation-api-2.0.2.jar:/Users/jamesro/.m2/repository/org/jboss/logging/jboss-logging/3.4.1.Final/jboss-logging-3.4.1.Final.jar:/Users/jamesro/.m2/repository/com/fasterxml/classmate/1.5.1/classmate-1.5.1.jar:/Users/jamesro/.m2/repository/com/microsoft/azure/azure-spring-boot/2.3.5/azure-spring-boot-2.3.5.jar:/Users/jamesro/.m2/repository/org/slf4j/slf4j-api/1.7.30/slf4j-api-1.7.30.jar:/Users/jamesro/.m2/repository/javax/validation/validation-api/2.0.1.Final/validation-api-2.0.1.Final.jar:/Users/jamesro/.m2/repository/javax/annotation/javax.annotation-api/1.3.2/javax.annotation-api-1.3.2.jar:/Users/jamesro/.m2/repository/com/azure/azure-identity/1.1.2/azure-identity-1.1.2.jar:/Users/jamesro/.m2/repository/com/microsoft/azure/msal4j/1.6.2/msal4j-1.6.2.jar:/Users/jamesro/.m2/repository/com/microsoft/azure/msal4j-persistence-extension/1.0.0/msal4j-persistence-extension-1.0.0.jar:/Users/jamesro/.m2/repository/net/java/dev/jna/jna/5.5.0/jna-5.5.0.jar:/Users/jamesro/.m2/repository/com/nimbusds/oauth2-oidc-sdk/7.1.1/oauth2-oidc-sdk-7.1.1.jar:/Users/jamesro/.m2/repository/com/github/stephenc/jcip/jcip-annotations/1.0-1/jcip-annotations-1.0-1.jar:/Users/jamesro/.m2/repository/com/nimbusds/content-type/2.0/content-type-2.0.jar:/Users/jamesro/.m2/repository/com/nimbusds/lang-tag/1.4.4/lang-tag-1.4.4.jar:/Users/jamesro/.m2/repository/com/nimbusds/nimbus-jose-jwt/8.8/nimbus-jose-jwt-8.8.jar:/Users/jamesro/.m2/repository/com/sun/mail/javax.mail/1.6.1/javax.mail-1.6.1.jar:/Users/jamesro/.m2/repository/javax/activation/activation/1.1/activation-1.1.jar:/Users/jamesro/.m2/repository/org/nanohttpd/nanohttpd/2.3.1/nanohttpd-2.3.1.jar:/Users/jamesro/.m2/repository/net/java/dev/jna/jna-platform/5.4.0/jna-platform-5.4.0.jar:/Users/jamesro/.m2/repository/org/linguafranca/pwdb/KeePassJava2/2.1.4/KeePassJava2-2.1.4.jar:/Users/jamesro/.m2/repository/org/linguafranca/pwdb/KeePassJava2-kdb/2.1.4/KeePassJava2-kdb-2.1.4.jar:/Users/jamesro/.m2/repository/org/linguafranca/pwdb/database/2.1.4/database-2.1.4.jar:/Users/jamesro/.m2/repository/com/google/guava/guava/19.0/guava-19.0.jar:/Users/jamesro/.m2/repository/com/madgag/spongycastle/core/1.54.0.0/core-1.54.0.0.jar:/Users/jamesro/.m2/repository/org/jetbrains/annotations/15.0/annotations-15.0.jar:/Users/jamesro/.m2/repository/org/linguafranca/pwdb/KeePassJava2-dom/2.1.4/KeePassJava2-dom-2.1.4.jar:/Users/jamesro/.m2/repository/org/linguafranca/pwdb/KeePassJava2-kdbx/2.1.4/KeePassJava2-kdbx-2.1.4.jar:/Users/jamesro/.m2/repository/commons-codec/commons-codec/1.14/commons-codec-1.14.jar:/Users/jamesro/.m2/repository/org/linguafranca/pwdb/KeePassJava2-jaxb/2.1.4/KeePassJava2-jaxb-2.1.4.jar:/Users/jamesro/.m2/repository/org/linguafranca/pwdb/KeePassJava2-simple/2.1.4/KeePassJava2-simple-2.1.4.jar:/Users/jamesro/.m2/repository/org/simpleframework/simple-xml/2.7.1/simple-xml-2.7.1.jar:/Users/jamesro/.m2/repository/stax/stax-api/1.0.1/stax-api-1.0.1.jar:/Users/jamesro/.m2/repository/stax/stax/1.2.0/stax-1.2.0.jar:/Users/jamesro/.m2/repository/xpp3/xpp3/1.1.3.3/xpp3-1.1.3.3.jar:/Users/jamesro/.m2/repository/org/apache/httpcomponents/httpcore/4.4.13/httpcore-4.4.13.jar:/Users/jamesro/.m2/repository/com/fasterxml/aalto-xml/1.0.0/aalto-xml-1.0.0.jar:/Users/jamesro/.m2/repository/net/minidev/json-smart/2.3/json-smart-2.3.jar:/Users/jamesro/.m2/repository/net/minidev/accessors-smart/1.2/accessors-smart-1.2.jar:/Users/jamesro/.m2/repository/org/ow2/asm/asm/5.0.4/asm-5.0.4.jar:/Users/jamesro/.m2/repository/com/azure/azure-security-keyvault-secrets/4.2.1/azure-security-keyvault-secrets-4.2.1.jar:/Users/jamesro/.m2/repository/com/azure/azure-core/1.8.1/azure-core-1.8.1.jar:/Users/jamesro/.m2/repository/com/fasterxml/jackson/dataformat/jackson-dataformat-xml/2.11.0/jackson-dataformat-xml-2.11.0.jar:/Users/jamesro/.m2/repository/com/fasterxml/jackson/module/jackson-module-jaxb-annotations/2.11.0/jackson-module-jaxb-annotations-2.11.0.jar:/Users/jamesro/.m2/repository/org/codehaus/woodstox/stax2-api/4.2/stax2-api-4.2.jar:/Users/jamesro/.m2/repository/com/fasterxml/woodstox/woodstox-core/6.2.0/woodstox-core-6.2.0.jar:/Users/jamesro/.m2/repository/io/projectreactor/reactor-core/3.3.6.RELEASE/reactor-core-3.3.6.RELEASE.jar:/Users/jamesro/.m2/repository/org/reactivestreams/reactive-streams/1.0.3/reactive-streams-1.0.3.jar:/Users/jamesro/.m2/repository/io/netty/netty-tcnative-boringssl-static/2.0.31.Final/netty-tcnative-boringssl-static-2.0.31.Final.jar:/Users/jamesro/.m2/repository/com/azure/azure-core-http-netty/1.6.1/azure-core-http-netty-1.6.1.jar:/Users/jamesro/.m2/repository/io/netty/netty-handler/4.1.50.Final/netty-handler-4.1.50.Final.jar:/Users/jamesro/.m2/repository/io/netty/netty-common/4.1.50.Final/netty-common-4.1.50.Final.jar:/Users/jamesro/.m2/repository/io/netty/netty-resolver/4.1.50.Final/netty-resolver-4.1.50.Final.jar:/Users/jamesro/.m2/repository/io/netty/netty-transport/4.1.50.Final/netty-transport-4.1.50.Final.jar:/Users/jamesro/.m2/repository/io/netty/netty-codec/4.1.50.Final/netty-codec-4.1.50.Final.jar:/Users/jamesro/.m2/repository/io/netty/netty-handler-proxy/4.1.50.Final/netty-handler-proxy-4.1.50.Final.jar:/Users/jamesro/.m2/repository/io/netty/netty-codec-socks/4.1.50.Final/netty-codec-socks-4.1.50.Final.jar:/Users/jamesro/.m2/repository/io/netty/netty-buffer/4.1.50.Final/netty-buffer-4.1.50.Final.jar:/Users/jamesro/.m2/repository/io/netty/netty-codec-http/4.1.50.Final/netty-codec-http-4.1.50.Final.jar:/Users/jamesro/.m2/repository/io/netty/netty-codec-http2/4.1.50.Final/netty-codec-http2-4.1.50.Final.jar:/Users/jamesro/.m2/repository/io/netty/netty-transport-native-unix-common/4.1.50.Final/netty-transport-native-unix-common-4.1.50.Final.jar:/Users/jamesro/.m2/repository/io/netty/netty-transport-native-epoll/4.1.50.Final/netty-transport-native-epoll-4.1.50.Final-linux-x86_64.jar:/Users/jamesro/.m2/repository/io/netty/netty-transport-native-kqueue/4.1.50.Final/netty-transport-native-kqueue-4.1.50.Final-osx-x86_64.jar:/Users/jamesro/.m2/repository/io/projectreactor/netty/reactor-netty/0.9.8.RELEASE/reactor-netty-0.9.8.RELEASE.jar:/Users/jamesro/.m2/repository/org/springframework/boot/spring-boot-starter-test/2.3.1.RELEASE/spring-boot-starter-test-2.3.1.RELEASE.jar:/Users/jamesro/.m2/repository/org/springframework/boot/spring-boot-test/2.3.1.RELEASE/spring-boot-test-2.3.1.RELEASE.jar:/Users/jamesro/.m2/repository/org/springframework/boot/spring-boot-test-autoconfigure/2.3.1.RELEASE/spring-boot-test-autoconfigure-2.3.1.RELEASE.jar:/Users/jamesro/.m2/repository/com/jayway/jsonpath/json-path/2.4.0/json-path-2.4.0.jar:/Users/jamesro/.m2/repository/jakarta/xml/bind/jakarta.xml.bind-api/2.3.3/jakarta.xml.bind-api-2.3.3.jar:/Users/jamesro/.m2/repository/jakarta/activation/jakarta.activation-api/1.2.2/jakarta.activation-api-1.2.2.jar:/Users/jamesro/.m2/repository/org/assertj/assertj-core/3.16.1/assertj-core-3.16.1.jar:/Users/jamesro/.m2/repository/org/hamcrest/hamcrest/2.2/hamcrest-2.2.jar:/Users/jamesro/.m2/repository/org/junit/jupiter/junit-jupiter/5.6.2/junit-jupiter-5.6.2.jar:/Users/jamesro/.m2/repository/org/junit/jupiter/junit-jupiter-api/5.6.2/junit-jupiter-api-5.6.2.jar:/Users/jamesro/.m2/repository/org/apiguardian/apiguardian-api/1.1.0/apiguardian-api-1.1.0.jar:/Users/jamesro/.m2/repository/org/opentest4j/opentest4j/1.2.0/opentest4j-1.2.0.jar:/Users/jamesro/.m2/repository/org/junit/platform/junit-platform-commons/1.6.2/junit-platform-commons-1.6.2.jar:/Users/jamesro/.m2/repository/org/junit/jupiter/junit-jupiter-params/5.6.2/junit-jupiter-params-5.6.2.jar:/Users/jamesro/.m2/repository/org/junit/jupiter/junit-jupiter-engine/5.6.2/junit-jupiter-engine-5.6.2.jar:/Users/jamesro/.m2/repository/org/junit/platform/junit-platform-engine/1.6.2/junit-platform-engine-1.6.2.jar:/Users/jamesro/.m2/repository/org/mockito/mockito-core/3.3.3/mockito-core-3.3.3.jar:/Users/jamesro/.m2/repository/net/bytebuddy/byte-buddy/1.10.11/byte-buddy-1.10.11.jar:/Users/jamesro/.m2/repository/net/bytebuddy/byte-buddy-agent/1.10.11/byte-buddy-agent-1.10.11.jar:/Users/jamesro/.m2/repository/org/objenesis/objenesis/2.6/objenesis-2.6.jar:/Users/jamesro/.m2/repository/org/mockito/mockito-junit-jupiter/3.3.3/mockito-junit-jupiter-3.3.3.jar:/Users/jamesro/.m2/repository/org/skyscreamer/jsonassert/1.5.0/jsonassert-1.5.0.jar:/Users/jamesro/.m2/repository/com/vaadin/external/google/android-json/0.0.20131108.vaadin1/android-json-0.0.20131108.vaadin1.jar:/Users/jamesro/.m2/repository/org/springframework/spring-core/5.2.7.RELEASE/spring-core-5.2.7.RELEASE.jar:/Users/jamesro/.m2/repository/org/springframework/spring-jcl/5.2.7.RELEASE/spring-jcl-5.2.7.RELEASE.jar:/Users/jamesro/.m2/repository/org/springframework/spring-test/5.2.7.RELEASE/spring-test-5.2.7.RELEASE.jar:/Users/jamesro/.m2/repository/org/xmlunit/xmlunit-core/2.7.0/xmlunit-core-2.7.0.jar:"/>
    <property name="sun.cpu.endian" value="little"/>
    <property name="user.home" value="/Users/jamesro"/>
    <property name="user.language" value="en"/>
    <property name="java.specification.vendor" value="Oracle Corporation"/>
    <property name="java.version.date" value="2020-07-14"/>
    <property name="java.home" value="/Library/Java/JavaVirtualMachines/adoptopenjdk-11.jdk/Contents/Home"/>
    <property name="file.separator" value="/"/>
    <property name="basedir" value="/Users/jamesro/Documents/SRC/springkeyvaultexample"/>
    <property name="java.vm.compressedOopsMode" value="Zero based"/>
    <property name="line.separator" value="&#10;"/>
    <property name="java.specification.name" value="Java Platform API Specification"/>
    <property name="java.vm.specification.vendor" value="Oracle Corporation"/>
    <property name="java.awt.graphicsenv" value="sun.awt.CGraphicsEnvironment"/>
    <property name="surefire.real.class.path" value="/Users/jamesro/Documents/SRC/springkeyvaultexample/target/surefire/surefirebooter8566493448294211680.jar"/>
    <property name="sun.management.compiler" value="HotSpot 64-Bit Tiered Compilers"/>
    <property name="java.runtime.version" value="11.0.8+10"/>
    <property name="user.name" value="jamesro"/>
    <property name="path.separator" value=":"/>
    <property name="os.version" value="10.15.6"/>
    <property name="java.runtime.name" value="OpenJDK Runtime Environment"/>
    <property name="file.encoding" value="UTF-8"/>
    <property name="java.vm.name" value="OpenJDK 64-Bit Server VM"/>
    <property name="java.vendor.version" value="AdoptOpenJDK"/>
    <property name="localRepository" value="/Users/jamesro/.m2/repository"/>
    <property name="java.vendor.url.bug" value="https://github.com/AdoptOpenJDK/openjdk-support/issues"/>
    <property name="java.io.tmpdir" value="/var/folders/qx/8z4jndk52cn0_pfqlxngh06c0000gp/T/"/>
    <property name="java.version" value="11.0.8"/>
    <property name="user.dir" value="/Users/jamesro/Documents/SRC/springkeyvaultexample"/>
    <property name="os.arch" value="x86_64"/>
    <property name="java.vm.specification.name" value="Java Virtual Machine Specification"/>
    <property name="java.awt.printerjob" value="sun.lwawt.macosx.CPrinterJob"/>
    <property name="sun.os.patch.level" value="unknown"/>
    <property name="java.library.path" value="/Users/jamesro/Library/Java/Extensions:/Library/Java/Extensions:/Network/Library/Java/Extensions:/System/Library/Java/Extensions:/usr/lib/java:."/>
    <property name="java.vm.info" value="mixed mode"/>
    <property name="java.vendor" value="AdoptOpenJDK"/>
    <property name="java.vm.version" value="11.0.8+10"/>
    <property name="sun.io.unicode.encoding" value="UnicodeBig"/>
    <property name="java.class.version" value="55.0"/>
  </properties>
  <testcase name="contextLoads" classname="com.example.demo.DemoApplicationTests" time="0.381"/>
</testsuite>